<?xml version="1.0" encoding="UTF-8"?>
<testng-results skipped="0" failed="0" ignored="0" total="1" passed="1">
  <reporter-output>
  </reporter-output>
  <suite name="Surefire suite" duration-ms="43" started-at="2019-09-16T21:35:49Z" finished-at="2019-09-16T21:35:49Z">
    <groups>
    </groups>
    <test name="Surefire test" duration-ms="43" started-at="2019-09-16T21:35:49Z" finished-at="2019-09-16T21:35:49Z">
      <class name="Selenium.AppTest">
        <test-method status="PASS" signature="testApp()[pri:0, instance:testApp(Selenium.AppTest)]" name="testApp" duration-ms="9" started-at="2019-09-16T21:35:49Z" finished-at="2019-09-16T21:35:49Z">
          <reporter-output>
          </reporter-output>
        </test-method> <!-- testApp -->
      </class> <!-- Selenium.AppTest -->
    </test> <!-- Surefire test -->
  </suite> <!-- Surefire suite -->
</testng-results>
