<?xml version="1.0" encoding="UTF-8"?>
<!-- Generated by org.testng.reporters.JUnitXMLReporter -->
<testsuite hostname="LAPTOP-MEFRD64S" ignored="0" name="Surefire test" tests="6" failures="0" timestamp="19 Sep 2019 11:48:55 GMT" time="0.675" errors="0">
  <testcase name="HybridApp" time="0.13" classname="Selenium.AppiuTest$RestApiTest"/>
  <testcase name="NativeApp" time="0.063" classname="Selenium.AppiuTest$RestApiTest"/>
  <testcase name="deleteTwitter" time="0.001" classname="Selenium.RestApiTest"/>
  <testcase name="postJira" time="0.001" classname="Selenium.RestApiTest"/>
  <testcase name="browserAutomation" time="0.0" classname="Selenium.SeleniumTest"/>
  <testcase name="elementUI" time="0.001" classname="Selenium.SeleniumTest"/>
</testsuite> <!-- Surefire test -->
