<?xml version="1.0" encoding="UTF-8"?>
<!-- Generated by org.testng.reporters.JUnitXMLReporter -->
<testsuite hostname="LAPTOP-MEFRD64S" ignored="0" name="Test" tests="8" failures="0" timestamp="2019-09-30T17:51:42 EDT" time="0.683" errors="0">
  <testcase name="HybridApp" time="0.113" classname="Selenium.AppiuTest$RestApiTest"/>
  <testcase name="NativeApp" time="0.006" classname="Selenium.AppiuTest$RestApiTest"/>
  <testcase name="deleteTwitter" time="0.009" classname="Selenium.RestApiTest"/>
  <testcase name="postJira" time="0.007" classname="Selenium.RestApiTest"/>
  <testcase name="browserAutomation" time="0.011" classname="Selenium.SeleniumTest"/>
  <testcase name="elementUI" time="0.019" classname="Selenium.SeleniumTest"/>
  <testcase name="git" time="0.009" classname="Selenium.SeleniumTest"/>
  <testcase name="git1" time="0.003" classname="Selenium.SeleniumTest"/>
</testsuite> <!-- Test -->
