<?xml version="1.0" encoding="UTF-8"?>
<testng-results skipped="0" failed="0" ignored="0" total="1" passed="1">
  <reporter-output>
  </reporter-output>
  <suite name="Surefire suite" duration-ms="77" started-at="2019-09-16T21:35:46Z" finished-at="2019-09-16T21:35:46Z">
    <groups>
    </groups>
    <test name="Surefire test" duration-ms="77" started-at="2019-09-16T21:35:46Z" finished-at="2019-09-16T21:35:46Z">
      <class name="Selenium.ATest">
        <test-method status="PASS" signature="method()[pri:0, instance:Selenium.ATest@dfd3711]" name="method" duration-ms="17" started-at="2019-09-16T21:35:46Z" finished-at="2019-09-16T21:35:46Z">
          <reporter-output>
          </reporter-output>
        </test-method> <!-- method -->
      </class> <!-- Selenium.ATest -->
    </test> <!-- Surefire test -->
  </suite> <!-- Surefire suite -->
</testng-results>
