<?xml version="1.0" encoding="UTF-8"?>
<testng-results skipped="0" failed="0" ignored="0" total="6" passed="6">
  <reporter-output>
  </reporter-output>
  <suite name="Surefire suite" duration-ms="675" started-at="2019-09-19T11:48:54Z" finished-at="2019-09-19T11:48:54Z">
    <groups>
    </groups>
    <test name="Surefire test" duration-ms="675" started-at="2019-09-19T11:48:54Z" finished-at="2019-09-19T11:48:54Z">
      <class name="Selenium.SeleniumTest">
        <test-method status="PASS" signature="browserAutomation()[pri:0, instance:Selenium.SeleniumTest@7a5d012c]" name="browserAutomation" duration-ms="0" started-at="2019-09-19T11:48:54Z" finished-at="2019-09-19T11:48:54Z">
          <reporter-output>
          </reporter-output>
        </test-method> <!-- browserAutomation -->
        <test-method status="PASS" signature="elementUI()[pri:0, instance:Selenium.SeleniumTest@7a5d012c]" name="elementUI" duration-ms="1" started-at="2019-09-19T11:48:54Z" finished-at="2019-09-19T11:48:54Z">
          <reporter-output>
          </reporter-output>
        </test-method> <!-- elementUI -->
      </class> <!-- Selenium.SeleniumTest -->
      <class name="Selenium.RestApiTest">
        <test-method status="PASS" signature="deleteTwitter()[pri:0, instance:Selenium.RestApiTest@3cda1055]" name="deleteTwitter" duration-ms="1" started-at="2019-09-19T11:48:54Z" finished-at="2019-09-19T11:48:54Z">
          <reporter-output>
          </reporter-output>
        </test-method> <!-- deleteTwitter -->
        <test-method status="PASS" signature="postJira()[pri:0, instance:Selenium.RestApiTest@3cda1055]" name="postJira" duration-ms="1" started-at="2019-09-19T11:48:54Z" finished-at="2019-09-19T11:48:54Z">
          <reporter-output>
          </reporter-output>
        </test-method> <!-- postJira -->
      </class> <!-- Selenium.RestApiTest -->
      <class name="Selenium.AppiuTest$RestApiTest">
        <test-method status="PASS" signature="HybridApp()[pri:0, instance:Selenium.AppiuTest$RestApiTest@668bc3d5]" name="HybridApp" duration-ms="130" started-at="2019-09-19T11:48:54Z" finished-at="2019-09-19T11:48:54Z">
          <reporter-output>
          </reporter-output>
        </test-method> <!-- HybridApp -->
        <test-method status="PASS" signature="NativeApp()[pri:0, instance:Selenium.AppiuTest$RestApiTest@668bc3d5]" name="NativeApp" duration-ms="63" started-at="2019-09-19T11:48:54Z" finished-at="2019-09-19T11:48:54Z">
          <reporter-output>
          </reporter-output>
        </test-method> <!-- NativeApp -->
      </class> <!-- Selenium.AppiuTest$RestApiTest -->
    </test> <!-- Surefire test -->
  </suite> <!-- Surefire suite -->
</testng-results>
