<?xml version="1.0" encoding="UTF-8"?>
<testng-results skipped="0" failed="0" ignored="0" total="8" passed="8">
  <reporter-output>
  </reporter-output>
  <suite name="Suite" duration-ms="683" started-at="2019-09-30T17:51:41 EDT" finished-at="2019-09-30T17:51:42 EDT">
    <groups>
    </groups>
    <test name="Test" duration-ms="683" started-at="2019-09-30T17:51:41 EDT" finished-at="2019-09-30T17:51:42 EDT">
      <class name="Selenium.SeleniumTest">
        <test-method status="PASS" signature="browserAutomation()[pri:0, instance:Selenium.SeleniumTest@35d176f7]" name="browserAutomation" duration-ms="11" started-at="2019-09-30T17:51:42 EDT" finished-at="2019-09-30T17:51:42 EDT">
          <reporter-output>
          </reporter-output>
        </test-method> <!-- browserAutomation -->
        <test-method status="PASS" signature="elementUI()[pri:0, instance:Selenium.SeleniumTest@35d176f7]" name="elementUI" duration-ms="19" started-at="2019-09-30T17:51:42 EDT" finished-at="2019-09-30T17:51:42 EDT">
          <reporter-output>
          </reporter-output>
        </test-method> <!-- elementUI -->
        <test-method status="PASS" signature="git()[pri:0, instance:Selenium.SeleniumTest@35d176f7]" name="git" duration-ms="9" started-at="2019-09-30T17:51:42 EDT" finished-at="2019-09-30T17:51:42 EDT">
          <reporter-output>
          </reporter-output>
        </test-method> <!-- git -->
        <test-method status="PASS" signature="git1()[pri:0, instance:Selenium.SeleniumTest@35d176f7]" name="git1" duration-ms="3" started-at="2019-09-30T17:51:42 EDT" finished-at="2019-09-30T17:51:42 EDT">
          <reporter-output>
          </reporter-output>
        </test-method> <!-- git1 -->
      </class> <!-- Selenium.SeleniumTest -->
      <class name="Selenium.RestApiTest">
        <test-method status="PASS" signature="deleteTwitter()[pri:0, instance:Selenium.RestApiTest@551aa95a]" name="deleteTwitter" duration-ms="9" started-at="2019-09-30T17:51:42 EDT" finished-at="2019-09-30T17:51:42 EDT">
          <reporter-output>
          </reporter-output>
        </test-method> <!-- deleteTwitter -->
        <test-method status="PASS" signature="postJira()[pri:0, instance:Selenium.RestApiTest@551aa95a]" name="postJira" duration-ms="7" started-at="2019-09-30T17:51:42 EDT" finished-at="2019-09-30T17:51:42 EDT">
          <reporter-output>
          </reporter-output>
        </test-method> <!-- postJira -->
      </class> <!-- Selenium.RestApiTest -->
      <class name="Selenium.AppiuTest$RestApiTest">
        <test-method status="PASS" signature="HybridApp()[pri:0, instance:Selenium.AppiuTest$RestApiTest@578486a3]" name="HybridApp" duration-ms="113" started-at="2019-09-30T17:51:42 EDT" finished-at="2019-09-30T17:51:42 EDT">
          <reporter-output>
          </reporter-output>
        </test-method> <!-- HybridApp -->
        <test-method status="PASS" signature="NativeApp()[pri:0, instance:Selenium.AppiuTest$RestApiTest@578486a3]" name="NativeApp" duration-ms="6" started-at="2019-09-30T17:51:42 EDT" finished-at="2019-09-30T17:51:42 EDT">
          <reporter-output>
          </reporter-output>
        </test-method> <!-- NativeApp -->
      </class> <!-- Selenium.AppiuTest$RestApiTest -->
    </test> <!-- Test -->
  </suite> <!-- Suite -->
</testng-results>
